# JRE version: OpenJDK Runtime Environment (17.0.6) (build 17.0.6+0-b2043.56-10027231)
# Java VM: OpenJDK 64-Bit Server VM (17.0.6+0-b2043.56-10027231, mixed mode, tiered, compressed oops, compressed class ptrs, g1 gc, windows-amd64)
GC Precious Log:
 CPUs: 8 total, 8 available
 Memory: 16167M
 Large Page Support: Disabled
 NUMA Support: Disabled
 Compressed Oops: Enabled (32-bit)
 Heap Region Size: 1M
 Heap Min Capacity: 8M
 Heap Initial Capacity: 254M
 Heap Max Capacity: 2G
 Pre-touch: Disabled
 Parallel Workers: 8
 Concurrent Workers: 2
 Concurrent Refinement Workers: 8
 Periodic GC: Disabled
Heap:
 garbage-first heap   total 434176K, used 136123K [0x0000000080000000, 0x0000000100000000)
  region size 1024K, 15 young (15360K), 15 survivors (15360K)
 Metaspace       used 151674K, committed 153664K, reserved 1187840K
  class space    used 19596K, committed 20672K, reserved 1048576K
GC Heap History (20 events):
Event: 13092.751 GC heap after
{Heap after GC invocations=92 (full 0):
 garbage-first heap   total 434176K, used 135182K [0x0000000080000000, 0x0000000100000000)
  region size 1024K, 3 young (3072K), 3 survivors (3072K)
 Metaspace       used 150733K, committed 152704K, reserved 1187840K
  class space    used 19517K, committed 20672K, reserved 1048576K
}
Event: 13092.864 GC heap before
{Heap before GC invocations=92 (full 0):
 garbage-first heap   total 434176K, used 161806K [0x0000000080000000, 0x0000000100000000)
  region size 1024K, 30 young (30720K), 3 survivors (3072K)
 Metaspace       used 150778K, committed 152768K, reserved 1187840K
  class space    used 19517K, committed 20672K, reserved 1048576K
}
Event: 13092.868 GC heap after
{Heap after GC invocations=93 (full 0):
 garbage-first heap   total 434176K, used 137574K [0x0000000080000000, 0x0000000100000000)
  region size 1024K, 5 young (5120K), 5 survivors (5120K)
 Metaspace       used 150778K, committed 152768K, reserved 1187840K
  class space    used 19517K, committed 20672K, reserved 1048576K
}
Event: 13150.248 GC heap before
{Heap before GC invocations=94 (full 0):
 garbage-first heap   total 434176K, used 347494K [0x0000000080000000, 0x0000000100000000)
  region size 1024K, 183 young (187392K), 5 survivors (5120K)
 Metaspace       used 150981K, committed 152960K, reserved 1187840K
  class space    used 19530K, committed 20672K, reserved 1048576K
}
Event: 13150.254 GC heap after
{Heap after GC invocations=95 (full 0):
 garbage-first heap   total 434176K, used 140198K [0x0000000080000000, 0x0000000100000000)
  region size 1024K, 11 young (11264K), 11 survivors (11264K)
 Metaspace       used 150981K, committed 152960K, reserved 1187840K
  class space    used 19530K, committed 20672K, reserved 1048576K
}
Event: 13150.314 GC heap before
{Heap before GC invocations=95 (full 0):
 garbage-first heap   total 434176K, used 151462K [0x0000000080000000, 0x0000000100000000)
  region size 1024K, 21 young (21504K), 11 survivors (11264K)
 Metaspace       used 150991K, committed 153024K, reserved 1187840K
  class space    used 19530K, committed 20672K, reserved 1048576K
}
Event: 13150.325 GC heap after
{Heap after GC invocations=96 (full 0):
 garbage-first heap   total 434176K, used 134586K [0x0000000080000000, 0x0000000100000000)
  region size 1024K, 3 young (3072K), 3 survivors (3072K)
 Metaspace       used 150991K, committed 153024K, reserved 1187840K
  class space    used 19530K, committed 20672K, reserved 1048576K
}
Event: 13186.386 GC heap before
{Heap before GC invocations=96 (full 0):
 garbage-first heap   total 434176K, used 256442K [0x0000000080000000, 0x0000000100000000)
  region size 1024K, 123 young (125952K), 3 survivors (3072K)
 Metaspace       used 151339K, committed 153280K, reserved 1187840K
  class space    used 19593K, committed 20672K, reserved 1048576K
}
Event: 13186.394 GC heap after
{Heap after GC invocations=97 (full 0):
 garbage-first heap   total 434176K, used 149510K [0x0000000080000000, 0x0000000100000000)
  region size 1024K, 18 young (18432K), 18 survivors (18432K)
 Metaspace       used 151339K, committed 153280K, reserved 1187840K
  class space    used 19593K, committed 20672K, reserved 1048576K
}
Event: 13193.013 GC heap before
{Heap before GC invocations=98 (full 0):
 garbage-first heap   total 434176K, used 304134K [0x0000000080000000, 0x0000000100000000)
  region size 1024K, 168 young (172032K), 18 survivors (18432K)
 Metaspace       used 151409K, committed 153344K, reserved 1187840K
  class space    used 19595K, committed 20672K, reserved 1048576K
}
Event: 13193.026 GC heap after
{Heap after GC invocations=99 (full 0):
 garbage-first heap   total 434176K, used 162570K [0x0000000080000000, 0x0000000100000000)
  region size 1024K, 20 young (20480K), 20 survivors (20480K)
 Metaspace       used 151409K, committed 153344K, reserved 1187840K
  class space    used 19595K, committed 20672K, reserved 1048576K
}
Event: 13193.031 GC heap before
{Heap before GC invocations=99 (full 0):
 garbage-first heap   total 434176K, used 163594K [0x0000000080000000, 0x0000000100000000)
  region size 1024K, 21 young (21504K), 20 survivors (20480K)
 Metaspace       used 151410K, committed 153344K, reserved 1187840K
  class space    used 19595K, committed 20672K, reserved 1048576K
}
Event: 13193.043 GC heap after
{Heap after GC invocations=100 (full 0):
 garbage-first heap   total 434176K, used 146323K [0x0000000080000000, 0x0000000100000000)
  region size 1024K, 3 young (3072K), 3 survivors (3072K)
 Metaspace       used 151410K, committed 153344K, reserved 1187840K
  class space    used 19595K, committed 20672K, reserved 1048576K
}
Event: 13193.251 GC heap before
{Heap before GC invocations=100 (full 0):
 garbage-first heap   total 434176K, used 182163K [0x0000000080000000, 0x0000000100000000)
  region size 1024K, 40 young (40960K), 3 survivors (3072K)
 Metaspace       used 151452K, committed 153408K, reserved 1187840K
  class space    used 19595K, committed 20672K, reserved 1048576K
}
Event: 13193.254 GC heap after
{Heap after GC invocations=101 (full 0):
 garbage-first heap   total 434176K, used 145733K [0x0000000080000000, 0x0000000100000000)
  region size 1024K, 2 young (2048K), 2 survivors (2048K)
 Metaspace       used 151452K, committed 153408K, reserved 1187840K
  class space    used 19595K, committed 20672K, reserved 1048576K
}
Event: 13270.870 GC heap before
{Heap before GC invocations=102 (full 0):
 garbage-first heap   total 434176K, used 367941K [0x0000000080000000, 0x0000000100000000)
  region size 1024K, 165 young (168960K), 2 survivors (2048K)
 Metaspace       used 151542K, committed 153536K, reserved 1187840K
  class space    used 19595K, committed 20672K, reserved 1048576K
}
Event: 13270.873 GC heap after
{Heap after GC invocations=103 (full 0):
 garbage-first heap   total 434176K, used 148140K [0x0000000080000000, 0x0000000100000000)
  region size 1024K, 4 young (4096K), 4 survivors (4096K)
 Metaspace       used 151542K, committed 153536K, reserved 1187840K
  class space    used 19595K, committed 20672K, reserved 1048576K
}
Event: 13270.918 GC heap before
{Heap before GC invocations=103 (full 0):
 garbage-first heap   total 434176K, used 165548K [0x0000000080000000, 0x0000000100000000)
  region size 1024K, 21 young (21504K), 4 survivors (4096K)
 Metaspace       used 151544K, committed 153536K, reserved 1187840K
  class space    used 19595K, committed 20672K, reserved 1048576K
}
Event: 13270.926 GC heap after
{Heap after GC invocations=104 (full 0):
 garbage-first heap   total 434176K, used 123191K [0x0000000080000000, 0x0000000100000000)
  region size 1024K, 3 young (3072K), 3 survivors (3072K)
 Metaspace       used 151544K, committed 153536K, reserved 1187840K
  class space    used 19595K, committed 20672K, reserved 1048576K
}
Event: 13612.241 GC heap before
{Heap before GC invocations=104 (full 0):
 garbage-first heap   total 434176K, used 307511K [0x0000000080000000, 0x0000000100000000)
  region size 1024K, 185 young (189440K), 3 survivors (3072K)
 Metaspace       used 151674K, committed 153664K, reserved 1187840K
  class space    used 19596K, committed 20672K, reserved 1048576K
}

